<?xml version="1.0" encoding="UTF-8" ?>
<testsuite tests="4" failures="0" name="pwo.projekt.stats.FileMetadataTest" time="0.024" errors="0" skipped="0">
  <properties>
[...]
</properties>
  <testcase classname="pwo.projekt.stats.FileMetadataTest" name="pwo.projekt.stats.FileMetadataTest.testCreateObject" time="0.001"/>
  <testcase classname="pwo.projekt.stats.FileMetadataTest" name="pwo.projekt.stats.FileMetadataTest.testGetCreationTime" time="0.02"/>
  <testcase classname="pwo.projekt.stats.FileMetadataTest" name="pwo.projekt.stats.FileMetadataTest.testGetFileType" time="0"/>
  <testcase classname="pwo.projekt.stats.FileMetadataTest" name="pwo.projekt.stats.FileMetadataTest.testGetFileSize" time="0.003"/>
</testsuite>